$ uv run pytest
============================= test session starts ==============================
platform linux -- Python 3.10.21, pytest-8.4.2, pluggy-1.6.0 -- /home/avell/Projects/unchain0/flashcards-generator/.venv/bin/python3
cachedir: .pytest_cache
rootdir: /home/avell/Projects/unchain0/flashcards-generator
configfile: pyproject.toml
testpaths: tests
plugins: timeout-2.4.0, asyncio-1.2.0, cov-7.1.0, anyio-4.14.2
asyncio: mode=strict, debug=False, asyncio_default_fixture_loop_scope=None, asyncio_default_test_loop_scope=function
collecting ... collected 427 items

tests/integration/test_client_integration.py::TestNotebookLMClientIntegration::test_create_notebook PASSED [  0%]
tests/integration/test_client_integration.py::TestNotebookLMClientIntegration::test_adapter_and_client_share_fake_cli_contract PASSED [  0%]
tests/integration/test_resume_flow.py::test_resume_after_interruption_processes_only_missing_chunks PASSED [  0%]
tests/integration/test_resume_flow.py::test_resume_restarts_from_scratch_when_source_signature_changes PASSED [  0%]
tests/integration/test_resume_flow.py::test_resume_disabled_uses_normal_processing_without_state_tracking PASSED [  1%]
tests/integration/test_resume_flow.py::test_resume_cleans_up_when_all_chunks_are_already_complete PASSED [  1%]
tests/test_semantic_chunking.py::TestTokenCounter::test_count_with_text PASSED [  1%]
tests/test_semantic_chunking.py::TestTokenCounter::test_count_empty_string PASSED [  1%]
tests/test_semantic_chunking.py::TestSemanticChunker::test_init_default_values PASSED [  2%]
tests/test_semantic_chunking.py::TestSemanticChunker::test_init_custom_values PASSED [  2%]
tests/test_semantic_chunking.py::TestSemanticChunker::test_split_into_sentences PASSED [  2%]
tests/test_semantic_chunking.py::TestSemanticChunker::test_split_into_sentences_single PASSED [  2%]
tests/test_semantic_chunking.py::TestSemanticChunker::test_find_semantic_boundaries_short_list PASSED [  3%]
tests/test_semantic_chunking.py::TestSemanticChunker::test_find_semantic_boundaries_empty PASSED [  3%]
tests/test_semantic_chunking.py::TestSemanticChunker::test_get_overlap_text PASSED [  3%]
tests/test_semantic_chunking.py::TestQualityFilter::test_init PASSED     [  3%]
tests/test_semantic_chunking.py::TestQualityFilter::test_is_trivial_valid_card PASSED [  3%]
tests/test_semantic_chunking.py::TestQualityFilter::test_is_trivial_only_stopwords PASSED [  4%]
tests/test_semantic_chunking.py::TestQualityFilter::test_is_trivial_short_back PASSED [  4%]
tests/test_semantic_chunking.py::TestQualityFilter::test_is_trivial_subjective PASSED [  4%]
tests/test_semantic_chunking.py::TestQualityFilter::test_find_similar_cards_empty PASSED [  4%]
tests/test_semantic_chunking.py::TestQualityFilter::test_find_similar_cards_single PASSED [  5%]
tests/test_semantic_chunking.py::TestQualityFilter::test_find_similar_cards_different PASSED [  5%]
tests/test_semantic_chunking.py::TestQualityFilter::test_filter_deck PASSED [  5%]
tests/test_semantic_chunking.py::TestTextSegment::test_create_segment PASSED [  5%]
tests/test_semantic_chunking.py::TestTextSegment::test_create_segment_defaults PASSED [  6%]
tests/test_semantic_chunking.py::TestTokenCounterEdgeCases::test_token_counter_fallback PASSED [  6%]
tests/test_semantic_chunking.py::TestSemanticChunkerEdgeCases::test_extract_text_from_pdf_error PASSED [  6%]
tests/test_semantic_chunking.py::TestSemanticChunkerEdgeCases::test_create_semantic_chunks_no_segments PASSED [  6%]
tests/test_semantic_chunking.py::TestQualityFilterEdgeCases::test_find_similar_cards_exception PASSED [  7%]
tests/test_semantic_chunking.py::TestSemanticChunkerRegressions::test_extract_text_skips_none_page_without_losing_later_page PASSED [  7%]
tests/test_semantic_chunking.py::TestSemanticChunkerRegressions::test_short_and_oversized_text_is_preserved_within_max_tokens PASSED [  7%]
tests/test_semantic_chunking.py::TestSemanticChunkerRegressions::test_boundary_chunk_starts_at_first_represented_page PASSED [  7%]
tests/test_semantic_chunking.py::TestSemanticChunkerRegressions::test_overlap_chunk_metadata_includes_the_overlapped_page PASSED [  7%]
tests/test_semantic_chunking.py::TestQualityFilterRegressions::test_stop_word_duplicate_is_detected_when_tfidf_has_no_vocabulary PASSED [  8%]
tests/test_semantic_chunking.py::TestQualityFilterRegressions::test_similarity_filter_does_not_materialize_a_dense_matrix PASSED [  8%]
tests/test_semantic_chunking.py::TestQualityFilterRegressions::test_similarity_filter_bounds_pair_memory_for_dense_inputs PASSED [  8%]
tests/unit/test_adapter_edge_cases.py::TestNotebookLMAdapterEdgeCases::test_list_notebooks_not_list_response PASSED [  8%]
tests/unit/test_adapter_edge_cases.py::TestNotebookLMAdapterEdgeCases::test_generate_flashcards_empty_output PASSED [  9%]
tests/unit/test_adapter_edge_cases.py::TestNotebookLMAdapterEdgeCases::test_generate_flashcards_whitespace_output PASSED [  9%]
tests/unit/test_adapter_edge_cases.py::TestNotebookLMAdapterEdgeCases::test_execute_with_retry_logs_error PASSED [  9%]
tests/unit/test_adapter_edge_cases.py::TestNotebookLMAdapterEdgeCases::test_generation_rejects_nonzero_status_before_parsing PASSED [  9%]
tests/unit/test_adapter_edge_cases.py::TestNotebookLMAdapterEdgeCases::test_create_notebook_rejects_wrong_json_shape PASSED [ 10%]
tests/unit/test_adapter_edge_cases.py::TestNotebookLMAdapterEdgeCases::test_parse_flashcards_rejects_malformed_envelope PASSED [ 10%]
tests/unit/test_adapter_edge_cases.py::TestNotebookLMAdapterEdgeCases::test_command_logs_metadata_without_command_output PASSED [ 10%]
tests/unit/test_adapter_edge_cases.py::TestNotebookLMAdapterEdgeCases::test_download_does_not_retry_permanent_auth_failure PASSED [ 10%]
tests/unit/test_adapter_edge_cases.py::TestNotebookLMAdapterEdgeCases::test_generation_does_not_retry_success_with_warning_stderr PASSED [ 11%]
tests/unit/test_adapter_list_delete.py::TestNotebookLMAdapterList::test_list_notebooks_success PASSED [ 11%]
tests/unit/test_adapter_list_delete.py::TestNotebookLMAdapterList::test_list_notebooks_with_days_filter PASSED [ 11%]
tests/unit/test_adapter_list_delete.py::TestNotebookLMAdapterList::test_list_notebooks_empty_list PASSED [ 11%]
tests/unit/test_adapter_list_delete.py::TestNotebookLMAdapterList::test_list_notebooks_array_response PASSED [ 11%]
tests/unit/test_adapter_list_delete.py::TestNotebookLMAdapterList::test_list_notebooks_command_fails PASSED [ 12%]
tests/unit/test_adapter_list_delete.py::TestNotebookLMAdapterList::test_list_notebooks_invalid_json PASSED [ 12%]
tests/unit/test_adapter_list_delete.py::TestNotebookLMAdapterList::test_list_notebooks_non_dict_items PASSED [ 12%]
tests/unit/test_adapter_list_delete.py::TestNotebookLMAdapterList::test_list_notebooks_no_date_field PASSED [ 12%]
tests/unit/test_adapter_list_delete.py::TestNotebookLMAdapterParseDatetime::test_parse_datetime_iso_format PASSED [ 13%]
tests/unit/test_adapter_list_delete.py::TestNotebookLMAdapterParseDatetime::test_parse_datetime_with_microseconds PASSED [ 13%]
tests/unit/test_adapter_list_delete.py::TestNotebookLMAdapterParseDatetime::test_parse_datetime_space_format PASSED [ 13%]
tests/unit/test_adapter_list_delete.py::TestNotebookLMAdapterParseDatetime::test_parse_datetime_date_only PASSED [ 13%]
tests/unit/test_adapter_list_delete.py::TestNotebookLMAdapterParseDatetime::test_parse_datetime_iso_no_timezone PASSED [ 14%]
tests/unit/test_adapter_list_delete.py::TestNotebookLMAdapterParseDatetime::test_parse_datetime_invalid PASSED [ 14%]
tests/unit/test_adapter_list_delete.py::TestNotebookLMAdapterDeleteAll::test_delete_all_notebooks_success PASSED [ 14%]
tests/unit/test_adapter_list_delete.py::TestNotebookLMAdapterDeleteAll::test_delete_all_notebooks_with_days PASSED [ 14%]
tests/unit/test_adapter_list_delete.py::TestNotebookLMAdapterDeleteAll::test_delete_all_notebooks_partial_failure PASSED [ 14%]
tests/unit/test_adapter_list_delete.py::TestNotebookLMAdapterDeleteAll::test_delete_all_notebooks_empty_list PASSED [ 15%]
tests/unit/test_adapter_list_delete.py::TestNotebookLMAdapterDeleteAll::test_delete_all_notebooks_with_string_ids PASSED [ 15%]
tests/unit/test_adapter_list_delete.py::TestNotebookLMAdapterDeleteAll::test_delete_all_notebooks_no_id PASSED [ 15%]
tests/unit/test_adapter_list_delete.py::TestNotebookLMAdapterDeleteAll::test_delete_all_notebooks_with_progress PASSED [ 15%]
tests/unit/test_adapter_list_delete.py::TestNotebookLMAdapterDeleteAll::test_delete_all_notebooks_empty_with_progress PASSED [ 16%]
tests/unit/test_adapter_list_delete.py::TestNotebookLMAdapterDeleteAll::test_delete_all_notebooks_no_id_with_progress PASSED [ 16%]
tests/unit/test_adapter_list_delete.py::TestNotebookLMAdapterDeleteAll::test_delete_all_notebooks_with_progress_and_failures PASSED [ 16%]
tests/unit/test_chunk_state_repository.py::TestFileSystemChunkStateRepository::test_save_load_manifest_roundtrip PASSED [ 16%]
tests/unit/test_chunk_state_repository.py::TestFileSystemChunkStateRepository::test_save_load_chunk_deck_roundtrip PASSED [ 17%]
tests/unit/test_chunk_state_repository.py::TestFileSystemChunkStateRepository::test_atomic_overwrite_keeps_original_on_replace_failure PASSED [ 17%]
tests/unit/test_chunk_state_repository.py::TestFileSystemChunkStateRepository::test_missing_manifest_returns_none PASSED [ 17%]
tests/unit/test_chunk_state_repository.py::TestFileSystemChunkStateRepository::test_delete_operations PASSED [ 17%]
tests/unit/test_chunk_state_repository.py::TestFileSystemChunkStateRepository::test_corrupt_json_raises_validation_error[manifest.json-load_manifest] PASSED [ 18%]
tests/unit/test_chunk_state_repository.py::TestFileSystemChunkStateRepository::test_corrupt_json_raises_validation_error[chunk.json-load_chunk_result] PASSED [ 18%]
tests/unit/test_chunk_state_repository.py::TestFileSystemChunkStateRepository::test_symlinked_temp_does_not_modify_victim PASSED [ 18%]
tests/unit/test_chunk_state_repository.py::TestFileSystemChunkStateRepository::test_state_files_are_private_and_durable PASSED [ 18%]
tests/unit/test_chunk_state_repository.py::TestFileSystemChunkStateRepository::test_resume_lock_rejects_concurrent_owner PASSED [ 18%]
tests/unit/test_cli.py::TestCLI::test_create_parser PASSED               [ 19%]
tests/unit/test_cli.py::TestCLI::test_parser_rejects_removed_no_resume_flag PASSED [ 19%]
tests/unit/test_cli.py::TestCLI::test_create_request_keeps_resume_enabled_by_default PASSED [ 19%]
tests/unit/test_cli.py::TestCLI::test_create_use_case_always_wires_chunk_state_repository PASSED [ 19%]
tests/unit/test_cli.py::TestCLI::test_check_auth_success PASSED          [ 20%]
tests/unit/test_cli.py::TestCLI::test_check_auth_failure PASSED          [ 20%]
tests/unit/test_cli.py::TestCLI::test_check_auth_exception PASSED        [ 20%]
tests/unit/test_cli.py::TestCLI::test_run_success PASSED                 [ 20%]
tests/unit/test_cli.py::TestCLI::test_run_input_dir_not_exists PASSED    [ 21%]
tests/unit/test_cli.py::TestCLI::test_run_not_authenticated PASSED       [ 21%]
tests/unit/test_cli.py::TestCLI::test_run_authenticated_success PASSED   [ 21%]
tests/unit/test_cli.py::TestCLI::test_run_with_custom_options PASSED     [ 21%]
tests/unit/test_cli.py::TestCLI::test_run_empty_decks PASSED             [ 22%]
tests/unit/test_cli.py::TestCLI::test_run_deck_without_flashcards PASSED [ 22%]
tests/unit/test_cli.py::TestMain::test_main PASSED                       [ 22%]
tests/unit/test_cli.py::TestMain::test_main_error PASSED                 [ 22%]
tests/unit/test_cli.py::TestMain::test_set_language_timeout PASSED       [ 22%]
tests/unit/test_cli.py::TestMain::test_set_language_file_not_found PASSED [ 23%]
tests/unit/test_cli.py::TestMain::test_cleanup_selectors_are_mutually_exclusive_and_positive[selector0] PASSED [ 23%]
tests/unit/test_cli.py::TestMain::test_cleanup_selectors_are_mutually_exclusive_and_positive[selector1] PASSED [ 23%]
tests/unit/test_cli.py::TestMain::test_cleanup_selectors_are_mutually_exclusive_and_positive[selector2] PASSED [ 23%]
tests/unit/test_cli.py::TestMain::test_validate_input_rejects_regular_file PASSED [ 24%]
tests/unit/test_cli.py::TestMain::test_check_auth_uses_successful_exit_status PASSED [ 24%]
tests/unit/test_cli.py::TestMain::test_check_auth_reports_os_error_context PASSED [ 24%]
tests/unit/test_cli.py::TestMain::test_set_language_reports_nonzero_exit PASSED [ 24%]
tests/unit/test_cli_cleanup.py::TestCLICleanup::test_cleanup_with_days PASSED [ 25%]
tests/unit/test_cli_cleanup.py::TestCLICleanup::test_cleanup_with_all PASSED [ 25%]
tests/unit/test_cli_cleanup.py::TestCLICleanup::test_cleanup_no_options_is_parse_error PASSED [ 25%]
tests/unit/test_cli_cleanup.py::TestCLICleanup::test_cleanup_partial_failure PASSED [ 25%]
tests/unit/test_cli_cleanup.py::TestCLICleanup::test_cleanup_complete_failure PASSED [ 25%]
tests/unit/test_cli_cleanup.py::TestCLICleanup::test_cleanup_not_authenticated PASSED [ 26%]
tests/unit/test_cli_cleanup.py::TestCLICleanup::test_cleanup_reports_adapter_os_error PASSED [ 26%]
tests/unit/test_cli_cleanup.py::TestCLICleanup::test_cleanup_skip_auth_check PASSED [ 26%]
tests/unit/test_cli_cleanup.py::TestCLINoCommand::test_no_command_shows_help PASSED [ 26%]
tests/unit/test_cli_cleanup.py::TestCLINoCommand::test_default_to_generate_with_args PASSED [ 27%]
tests/unit/test_cli_merge.py::TestCLIMerge::test_merge_command_success PASSED [ 27%]
tests/unit/test_cli_merge.py::TestCLIMerge::test_merge_command_folder_not_exists PASSED [ 27%]
tests/unit/test_cli_merge.py::TestCLIMerge::test_merge_command_rejects_regular_file PASSED [ 27%]
tests/unit/test_cli_merge.py::TestCLIMerge::test_merge_command_with_deduplication PASSED [ 28%]
tests/unit/test_cli_merge.py::TestCLIMerge::test_merge_command_custom_output PASSED [ 28%]
tests/unit/test_cli_merge.py::TestCLIMerge::test_merge_command_no_csv_files PASSED [ 28%]
tests/unit/test_cli_merge.py::TestCLIMerge::test_merge_command_logs_success PASSED [ 28%]
tests/unit/test_cli_merge.py::TestCLIMerge::test_merge_command_rejects_traversal_output PASSED [ 29%]
tests/unit/test_contracts.py::test_generation_result_constructs_from_clean_import PASSED [ 29%]
tests/unit/test_contracts.py::test_merge_output_filename_must_be_relative_basename[] PASSED [ 29%]
tests/unit/test_contracts.py::test_merge_output_filename_must_be_relative_basename[../outside.csv] PASSED [ 29%]
tests/unit/test_contracts.py::test_merge_output_filename_must_be_relative_basename[/tmp/outside.csv] PASSED [ 29%]
tests/unit/test_contracts.py::test_merge_output_filename_must_be_relative_basename[nested/out.csv] PASSED [ 30%]
tests/unit/test_converter.py::TestClozeConverter::test_convert_simple_question PASSED [ 30%]
tests/unit/test_converter.py::TestClozeConverter::test_convert_complex_answer PASSED [ 30%]
tests/unit/test_converter.py::TestClozeConverter::test_clean_text PASSED [ 30%]
tests/unit/test_converter.py::TestClozeConverter::test_clean_text_multiple_dots PASSED [ 31%]
tests/unit/test_converter.py::TestClozeConverter::test_create_simple_cloze_without_which PASSED [ 31%]
tests/unit/test_converter.py::TestClozeConverter::test_create_simple_cloze_with_what_is PASSED [ 31%]
tests/unit/test_converter.py::TestClozeConverter::test_create_complex_cloze_multiple_sentences PASSED [ 31%]
tests/unit/test_converter.py::TestClozeConverter::test_process_sentence_short PASSED [ 32%]
tests/unit/test_converter.py::TestClozeConverter::test_process_sentence_long_with_keywords PASSED [ 32%]
tests/unit/test_converter.py::TestClozeConverter::test_process_sentence_no_keywords PASSED [ 32%]
tests/unit/test_converter.py::TestClozeConverter::test_extract_important_first_pattern PASSED [ 32%]
tests/unit/test_converter.py::TestClozeConverter::test_extract_important_second_pattern PASSED [ 33%]
tests/unit/test_converter.py::TestClozeConverter::test_extract_important_third_pattern PASSED [ 33%]
tests/unit/test_converter.py::TestClozeConverter::test_find_important_index_with_uppercase PASSED [ 33%]
tests/unit/test_converter.py::TestClozeConverter::test_find_important_index_all_articles PASSED [ 33%]
tests/unit/test_converter.py::TestClozeConverter::test_find_important_index_with_articles PASSED [ 33%]
tests/unit/test_converter.py::TestClozeConverter::test_convert_already_has_cloze PASSED [ 34%]
tests/unit/test_converter.py::TestClozeConverter::test_convert_invalid_quality_short_text PASSED [ 34%]
tests/unit/test_converter.py::TestClozeConverter::test_convert_trivial_answer PASSED [ 34%]
tests/unit/test_converter.py::TestClozeConverter::test_create_simple_cloze_trivial_word PASSED [ 34%]
tests/unit/test_converter.py::TestClozeConverter::test_create_simple_cloze_with_what_no_article PASSED [ 35%]
tests/unit/test_converter.py::TestClozeConverter::test_create_complex_cloze_single_sentence PASSED [ 35%]
tests/unit/test_converter.py::TestClozeConverter::test_create_word_cloze_no_important_word PASSED [ 35%]
tests/unit/test_converter.py::TestClozeConverter::test_is_keyword_true PASSED [ 35%]
tests/unit/test_converter.py::TestClozeConverter::test_is_keyword_false PASSED [ 36%]
tests/unit/test_converter.py::TestClozeConverter::test_extract_important_all_trivial PASSED [ 36%]
tests/unit/test_converter.py::TestClozeConverter::test_convert_rejects_cards_without_valid_cloze[Explain this-alpha beta gamma delta epsilon zeta] PASSED [ 36%]
tests/unit/test_converter.py::TestClozeConverter::test_convert_rejects_cards_without_valid_cloze[Text {{cX::answer}}-answer] PASSED [ 36%]
tests/unit/test_converter.py::TestClozeConverter::test_convert_existing_cloze_invalid_quality PASSED [ 37%]
tests/unit/test_converter.py::TestClozeConverter::test_is_quality_valid_trivial_word_in_cloze PASSED [ 37%]
tests/unit/test_converter.py::TestClozeConverter::test_is_quality_valid_all_words_trivial PASSED [ 37%]
tests/unit/test_converter.py::TestClozeConverter::test_create_complex_cloze_trivial_important PASSED [ 37%]
tests/unit/test_converter.py::TestClozeConverter::test_create_complex_cloze_all_trivial_important PASSED [ 37%]
tests/unit/test_converter.py::TestClozeConverter::test_extract_important_fallback_to_first_30_chars PASSED [ 38%]
tests/unit/test_coverage_edge_cases.py::TestQualityConfiguration::test_ci_enforces_coverage_baseline PASSED [ 38%]
tests/unit/test_coverage_edge_cases.py::TestConverterEdgeCases::test_create_complex_cloze_all_trivial_important_words PASSED [ 38%]
tests/unit/test_coverage_edge_cases.py::TestUseCasesEdgeCases::test_get_output_subdir_no_parent PASSED [ 38%]
tests/unit/test_coverage_edge_cases.py::TestUseCasesEdgeCases::test_cleanup_orphaned_raw_files_success PASSED [ 39%]
tests/unit/test_coverage_edge_cases.py::TestUseCasesEdgeCases::test_cleanup_orphaned_raw_files_oserror PASSED [ 39%]
tests/unit/test_coverage_edge_cases.py::TestUseCasesEdgeCases::test_process_pdf_add_source_returns_none PASSED [ 39%]
tests/unit/test_coverage_edge_cases.py::TestUseCasesEdgeCases::test_process_large_pdf_returns_false PASSED [ 39%]
tests/unit/test_coverage_edge_cases.py::TestUseCasesEdgeCases::test_empty_pdf_warning PASSED [ 40%]
tests/unit/test_coverage_edge_cases.py::TestNotebookLMClientEdgeCases::test_delete_notebook_success PASSED [ 40%]
tests/unit/test_coverage_edge_cases.py::TestPDFUtilsEdgeCases::test_count_pages_success PASSED [ 40%]
tests/unit/test_coverage_edge_cases.py::TestPDFUtilsEdgeCases::test_count_pages_stream_close_exception PASSED [ 40%]
tests/unit/test_coverage_edge_cases.py::TestPDFUtilsEdgeCases::test_cleanup_chunks_exception PASSED [ 40%]
tests/unit/test_coverage_edge_cases.py::TestCLIEdgeCases::test_run_keyboard_interrupt_in_execute PASSED [ 41%]
tests/unit/test_coverage_edge_cases.py::TestCLIEdgeCases::test_main_keyboard_interrupt PASSED [ 41%]
tests/unit/test_coverage_edge_cases.py::TestPDFSelectionFilters::test_find_all_pdfs_with_include_pattern PASSED [ 41%]
tests/unit/test_coverage_edge_cases.py::TestPDFSelectionFilters::test_find_all_pdfs_with_exclude_pattern PASSED [ 41%]
tests/unit/test_coverage_edge_cases.py::TestPDFSelectionFilters::test_find_all_pdfs_with_explicit_files PASSED [ 42%]
tests/unit/test_coverage_edge_cases.py::TestPDFSelectionFilters::test_find_all_pdfs_explicit_file_not_found PASSED [ 42%]
tests/unit/test_coverage_edge_cases.py::TestCLIKeyboardInterrupt::test_main_keyboard_interrupt_direct PASSED [ 42%]
tests/unit/test_coverage_edge_cases.py::TestUseCasesExceptionHandling::test_is_safe_file_path_value_error PASSED [ 42%]
tests/unit/test_coverage_edge_cases.py::TestUseCasesExceptionCoverage::test_process_chunk_generic_exception PASSED [ 43%]
tests/unit/test_coverage_edge_cases.py::TestUseCasesExceptionCoverage::test_generate_flashcards_no_artifact_id PASSED [ 43%]
tests/unit/test_coverage_edge_cases.py::TestTempFileCleanupErrors::test_process_chunk_oserror_on_cleanup PASSED [ 43%]
tests/unit/test_coverage_edge_cases.py::TestTempFileCleanupErrors::test_download_and_convert_oserror_cleanup PASSED [ 43%]
tests/unit/test_coverage_edge_cases.py::TestCLICoverage::test_create_request_with_files PASSED [ 44%]
tests/unit/test_csv_merger.py::TestCsvMerger::test_merge_single_file PASSED [ 44%]
tests/unit/test_csv_merger.py::TestCsvMerger::test_merge_multiple_files PASSED [ 44%]
tests/unit/test_csv_merger.py::TestCsvMerger::test_merge_with_deduplication PASSED [ 44%]
tests/unit/test_csv_merger.py::TestCsvMerger::test_merge_folder_not_exists PASSED [ 44%]
tests/unit/test_csv_merger.py::TestCsvMerger::test_merge_no_csv_files PASSED [ 45%]
tests/unit/test_csv_merger.py::TestCsvMerger::test_merge_excludes_output_file PASSED [ 45%]
tests/unit/test_csv_merger.py::TestCsvMerger::test_merge_rejects_rows_with_extra_columns PASSED [ 45%]
tests/unit/test_csv_merger.py::TestCsvMerger::test_merge_preserves_quoted_two_column_rows PASSED [ 45%]
tests/unit/test_csv_merger.py::TestCsvMerger::test_merge_handles_short_rows PASSED [ 46%]
tests/unit/test_csv_merger.py::TestCsvMerger::test_merge_custom_output_name PASSED [ 46%]
tests/unit/test_csv_merger.py::TestCsvMerger::test_merge_handles_exception PASSED [ 46%]
tests/unit/test_entities.py::TestFlashcard::test_create_flashcard PASSED [ 46%]
tests/unit/test_entities.py::TestFlashcard::test_to_anki_format PASSED   [ 47%]
tests/unit/test_entities.py::TestDeck::test_create_deck PASSED           [ 47%]
tests/unit/test_entities.py::TestDeck::test_add_flashcard PASSED         [ 47%]
tests/unit/test_entities.py::TestDeck::test_total_cards_property PASSED  [ 47%]
tests/unit/test_entities.py::TestDeck::test_deduplicate_empty_deck PASSED [ 48%]
tests/unit/test_entities.py::TestDeck::test_deduplicate_rejects_invalid_threshold_without_mutation[-0.01] PASSED [ 48%]
tests/unit/test_entities.py::TestDeck::test_deduplicate_rejects_invalid_threshold_without_mutation[1.01] PASSED [ 48%]
tests/unit/test_entities.py::TestDeck::test_deduplicate_rejects_invalid_threshold_without_mutation[nan] PASSED [ 48%]
tests/unit/test_entities.py::TestDeck::test_deduplicate_no_duplicates PASSED [ 48%]
tests/unit/test_entities.py::TestDeck::test_deduplicate_exact_duplicates PASSED [ 49%]
tests/unit/test_entities.py::TestDeck::test_deduplicate_similar_duplicates PASSED [ 49%]
tests/unit/test_entities.py::TestDeck::test_deduplicate_different_cards PASSED [ 49%]
tests/unit/test_exceptions.py::TestExceptions::test_flashcards_generator_error PASSED [ 49%]
tests/unit/test_exceptions.py::TestExceptions::test_source_processing_error PASSED [ 50%]
tests/unit/test_exceptions.py::TestExceptions::test_generation_error PASSED [ 50%]
tests/unit/test_exceptions.py::TestExceptions::test_artifact_download_error PASSED [ 50%]
tests/unit/test_exceptions.py::TestExceptions::test_notebook_cleanup_error PASSED [ 50%]
tests/unit/test_exceptions.py::TestAbstractPorts::test_deck_repository_port_save_not_implemented PASSED [ 51%]
tests/unit/test_exceptions.py::TestAbstractPorts::test_flashcard_generator_port_not_implemented PASSED [ 51%]
tests/unit/test_exporter.py::TestDeckExporter::test_export_json PASSED   [ 51%]
tests/unit/test_exporter.py::TestDeckExporter::test_export_csv PASSED    [ 51%]
tests/unit/test_exporter.py::TestDeckExporter::test_export_anki PASSED   [ 51%]
tests/unit/test_exporter.py::TestDeckExporter::test_exporters_preserve_delimited_fields_as_two_columns PASSED [ 52%]
tests/unit/test_exporter.py::TestDeckExporter::test_export_markdown PASSED [ 52%]
tests/unit/test_logging_config.py::test_configure_logging_reduces_pypdf_noise PASSED [ 52%]
tests/unit/test_logging_config.py::test_configured_component_is_rendered_without_ansi_on_redirected_stderr PASSED [ 52%]
tests/unit/test_main_entry.py::TestMainEntryPoint::test_main_import PASSED [ 53%]
tests/unit/test_main_entry.py::TestMainEntryPoint::test_main_execution PASSED [ 53%]
tests/unit/test_math_processor.py::TestMathProcessor::test_detect_inline_math_dollar PASSED [ 53%]
tests/unit/test_math_processor.py::TestMathProcessor::test_detect_inline_math_paren PASSED [ 53%]
tests/unit/test_math_processor.py::TestMathProcessor::test_detect_display_math_ddollar PASSED [ 54%]
tests/unit/test_math_processor.py::TestMathProcessor::test_detect_display_math_bracket PASSED [ 54%]
tests/unit/test_math_processor.py::TestMathProcessor::test_no_math PASSED [ 54%]
tests/unit/test_math_processor.py::TestMathProcessor::test_extract_and_replace_inline PASSED [ 54%]
tests/unit/test_math_processor.py::TestMathProcessor::test_extract_and_replace_multiple PASSED [ 55%]
tests/unit/test_math_processor.py::TestMathProcessor::test_restore_math PASSED [ 55%]
tests/unit/test_math_processor.py::TestMathProcessor::test_extract_and_restore_display_math PASSED [ 55%]
tests/unit/test_math_processor.py::TestMathProcessor::test_process_for_cloze PASSED [ 55%]
tests/unit/test_math_processor.py::TestExtractMathSegments::test_text_with_inline_math PASSED [ 55%]
tests/unit/test_math_processor.py::TestExtractMathSegments::test_only_text PASSED [ 56%]
tests/unit/test_math_processor.py::TestExtractMathSegments::test_multiple_math PASSED [ 56%]
tests/unit/test_math_processor.py::TestExtractMathSegments::test_empty_text_adds_single_segment PASSED [ 56%]
tests/unit/test_math_processor.py::TestCreateClozeWithMath::test_cloze_without_math PASSED [ 56%]
tests/unit/test_math_processor.py::TestCreateClozeWithMath::test_cloze_with_math_in_answer PASSED [ 57%]
tests/unit/test_math_processor.py::TestCreateClozeWithMath::test_cloze_preserves_math_delimiters PASSED [ 57%]
tests/unit/test_math_processor.py::TestConvertToAnkiMathFormat::test_convert_inline_dollar_to_paren PASSED [ 57%]
tests/unit/test_math_processor.py::TestConvertToAnkiMathFormat::test_convert_display_dollar_to_bracket PASSED [ 57%]
tests/unit/test_math_processor.py::TestConvertToAnkiMathFormat::test_no_change_if_already_anki_format PASSED [ 58%]
tests/unit/test_notebooklm_adapter.py::TestNotebookLMAdapter::test_init PASSED [ 58%]
tests/unit/test_notebooklm_adapter.py::TestNotebookLMAdapter::test_create_notebook PASSED [ 58%]
tests/unit/test_notebooklm_adapter.py::TestNotebookLMAdapter::test_create_notebook_failure PASSED [ 58%]
tests/unit/test_notebooklm_adapter.py::TestNotebookLMAdapter::test_add_source PASSED [ 59%]
tests/unit/test_notebooklm_adapter.py::TestNotebookLMAdapter::test_wait_for_source_success PASSED [ 59%]
tests/unit/test_notebooklm_adapter.py::TestNotebookLMAdapter::test_generate_flashcards_success PASSED [ 59%]
tests/unit/test_notebooklm_adapter.py::TestNotebookLMAdapter::test_generate_flashcards_does_not_retry_success_with_rate_limit_text PASSED [ 59%]
tests/unit/test_notebooklm_adapter.py::TestNotebookLMAdapter::test_parse_flashcards PASSED [ 59%]
tests/unit/test_notebooklm_adapter.py::TestNotebookLMAdapter::test_create_notebook_no_id_in_response PASSED [ 60%]
tests/unit/test_notebooklm_adapter.py::TestNotebookLMAdapter::test_add_source_no_id_in_response PASSED [ 60%]
tests/unit/test_notebooklm_adapter.py::TestNotebookLMAdapter::test_build_generate_command_with_instructions PASSED [ 60%]
tests/unit/test_notebooklm_adapter.py::TestNotebookLMAdapter::test_generate_flashcards_json_decode_error PASSED [ 60%]
tests/unit/test_notebooklm_adapter.py::TestNotebookLMAdapter::test_generate_flashcards_timeout PASSED [ 61%]
tests/unit/test_notebooklm_adapter.py::TestNotebookLMAdapter::test_wait_for_artifact_success PASSED [ 61%]
tests/unit/test_notebooklm_adapter.py::TestNotebookLMAdapter::test_wait_for_artifact_failure PASSED [ 61%]
tests/unit/test_notebooklm_adapter.py::TestNotebookLMAdapter::test_download_flashcards_success PASSED [ 61%]
tests/unit/test_notebooklm_adapter.py::TestNotebookLMAdapter::test_download_flashcards_error_after_retries PASSED [ 62%]
tests/unit/test_notebooklm_adapter.py::TestNotebookLMAdapter::test_download_flashcards_success_on_retry PASSED [ 62%]
tests/unit/test_notebooklm_adapter.py::TestNotebookLMAdapter::test_extract_cards_data_with_flashcards_key PASSED [ 62%]
tests/unit/test_notebooklm_adapter.py::TestNotebookLMAdapter::test_create_flashcard_empty PASSED [ 62%]
tests/unit/test_notebooklm_adapter.py::TestNotebookLMAdapter::test_parse_flashcards_json_error PASSED [ 62%]
tests/unit/test_notebooklm_adapter.py::TestNotebookLMAdapter::test_parse_flashcards_os_error PASSED [ 63%]
tests/unit/test_notebooklm_adapter.py::TestNotebookLMAdapter::test_delete_notebook_success PASSED [ 63%]
tests/unit/test_notebooklm_adapter.py::TestNotebookLMAdapter::test_delete_notebook_error PASSED [ 63%]
tests/unit/test_notebooklm_adapter.py::TestNotebookLMAdapter::test_delete_notebook_exception PASSED [ 63%]
tests/unit/test_notebooklm_adapter.py::TestNotebookLMAdapter::test_delete_notebook_silent_mode PASSED [ 64%]
tests/unit/test_notebooklm_adapter.py::TestNotebookLMAdapter::test_run_command_keyboard_interrupt PASSED [ 64%]
tests/unit/test_notebooklm_adapter.py::TestNotebookLMAdapter::test_run_command_timeout_reaps_process PASSED [ 64%]
tests/unit/test_notebooklm_adapter.py::TestNotebookLMAdapter::test_run_command_keyboard_interrupt_kill PASSED [ 64%]
tests/unit/test_notebooklm_adapter.py::TestNotebookLMAdapter::test_generation_timeout_is_the_subprocess_deadline PASSED [ 65%]
tests/unit/test_notebooklm_client.py::TestNotebookLMClient::test_init PASSED [ 65%]
tests/unit/test_notebooklm_client.py::TestNotebookLMClient::test_create_notebook PASSED [ 65%]
tests/unit/test_notebooklm_client.py::TestNotebookLMClient::test_create_notebook_failure PASSED [ 65%]
tests/unit/test_notebooklm_client.py::TestNotebookLMClient::test_add_source PASSED [ 66%]
tests/unit/test_notebooklm_client.py::TestNotebookLMClient::test_wait_for_source_success PASSED [ 66%]
tests/unit/test_notebooklm_client.py::TestNotebookLMClient::test_wait_for_source_failure PASSED [ 66%]
tests/unit/test_notebooklm_client.py::TestNotebookLMClient::test_generate_flashcards_success PASSED [ 66%]
tests/unit/test_notebooklm_client.py::TestNotebookLMClient::test_generate_flashcards_failure PASSED [ 66%]
tests/unit/test_notebooklm_client.py::TestNotebookLMClient::test_wait_for_artifact_success PASSED [ 67%]
tests/unit/test_notebooklm_client.py::TestNotebookLMClient::test_wait_for_artifact_failure PASSED [ 67%]
tests/unit/test_notebooklm_client.py::TestNotebookLMClient::test_download_flashcards_success PASSED [ 67%]
tests/unit/test_notebooklm_client.py::TestNotebookLMClient::test_download_flashcards_failure PASSED [ 67%]
tests/unit/test_notebooklm_client.py::TestNotebookLMClient::test_parse_flashcards PASSED [ 68%]
tests/unit/test_notebooklm_client.py::TestNotebookLMClient::test_parse_flashcards_with_flashcards_key PASSED [ 68%]
tests/unit/test_notebooklm_client.py::TestNotebookLMClient::test_parse_flashcards_empty PASSED [ 68%]
tests/unit/test_notebooklm_client.py::TestNotebookLMClient::test_parse_flashcards_invalid_json PASSED [ 68%]
tests/unit/test_notebooklm_client.py::TestNotebookLMClient::test_parse_flashcards_file_not_found PASSED [ 69%]
tests/unit/test_notebooklm_client.py::TestNotebookLMClient::test_create_notebook_no_id_in_response PASSED [ 69%]
tests/unit/test_notebooklm_client.py::TestNotebookLMClient::test_parse_flashcards_empty_cards_key PASSED [ 69%]
tests/unit/test_notebooklm_client.py::TestNotebookLMClient::test_parse_flashcards_nonexistent_path PASSED [ 69%]
tests/unit/test_notebooklm_client.py::TestNotebookLMClient::test_create_flashcard_empty_front PASSED [ 70%]
tests/unit/test_notebooklm_client.py::TestNotebookLMClient::test_create_flashcard_empty_back PASSED [ 70%]
tests/unit/test_notebooklm_client.py::TestNotebookLMClient::test_create_flashcard_both_empty PASSED [ 70%]
tests/unit/test_notebooklm_client.py::TestNotebookLMClient::test_delete_notebook_called_process_error PASSED [ 70%]
tests/unit/test_notebooklm_client.py::TestNotebookLMClient::test_wait_timeout_is_the_subprocess_deadline PASSED [ 70%]
tests/unit/test_notebooklm_client.py::TestNotebookLMClient::test_generate_and_delete_use_adapter_cli_dialect PASSED [ 71%]
tests/unit/test_notebooklm_client.py::TestNotebookLMClient::test_delete_notebook_returns_false_for_nonzero_status PASSED [ 71%]
tests/unit/test_notebooklm_client.py::TestNotebookLMClient::test_create_notebook_rejects_wrong_json_shape PASSED [ 71%]
tests/unit/test_notebooklm_client.py::TestNotebookLMClient::test_parse_flashcards_rejects_malformed_envelope PASSED [ 71%]
tests/unit/test_notebooklm_client.py::TestNotebookLMClient::test_delete_notebook_timeout_expired PASSED [ 72%]
tests/unit/test_path_scenarios.py::TestPathScenarios::test_nested_source_preserves_full_relative_path PASSED [ 72%]
tests/unit/test_path_scenarios.py::TestPathScenarios::test_deep_nesting_keeps_all_parent_levels PASSED [ 72%]
tests/unit/test_path_scenarios.py::TestPathScenarios::test_single_level_structure_uses_matching_output_subdir PASSED [ 72%]
tests/unit/test_path_scenarios.py::TestPathScenarios::test_flat_structure_uses_output_root PASSED [ 73%]
tests/unit/test_path_scenarios.py::TestPathScenarios::test_special_characters_in_path PASSED [ 73%]
tests/unit/test_path_scenarios.py::TestPathScenarios::test_spaces_and_unicode_in_path PASSED [ 73%]
tests/unit/test_path_scenarios.py::TestPathScenarios::test_very_long_directory_names PASSED [ 73%]
tests/unit/test_path_scenarios.py::TestPathScenarios::test_mixed_case_paths PASSED [ 74%]
tests/unit/test_path_scenarios.py::TestPathScenarios::test_numeric_folder_names PASSED [ 74%]
tests/unit/test_path_scenarios.py::TestPathScenarios::test_dots_in_folder_names PASSED [ 74%]
tests/unit/test_path_scenarios.py::TestPathScenarios::test_hyphens_and_underscores PASSED [ 74%]
tests/unit/test_path_scenarios.py::TestPathScenarios::test_multiple_pdfs_same_folder_share_output_subdir PASSED [ 74%]
tests/unit/test_paths.py::TestFindNotebooklm::test_find_in_path PASSED   [ 75%]
tests/unit/test_paths.py::TestFindNotebooklm::test_ignore_legacy_fallbacks_when_not_on_path PASSED [ 75%]
tests/unit/test_paths.py::TestFindNotebooklm::test_fallback_to_command_name PASSED [ 75%]
tests/unit/test_pdf_utils.py::TestPDFChunker::test_init_default PASSED   [ 75%]
tests/unit/test_pdf_utils.py::TestPDFChunker::test_init_custom_params PASSED [ 76%]
tests/unit/test_pdf_utils.py::TestPDFChunker::test_check_pypdf_available PASSED [ 76%]
tests/unit/test_pdf_utils.py::TestPDFChunker::test_check_pypdf_unavailable PASSED [ 76%]
tests/unit/test_pdf_utils.py::TestPDFChunker::test_count_pages_no_pypdf PASSED [ 76%]
tests/unit/test_pdf_utils.py::TestPDFChunker::test_needs_chunking_no_pypdf PASSED [ 77%]
tests/unit/test_pdf_utils.py::TestPDFChunker::test_needs_chunking_below_threshold PASSED [ 77%]
tests/unit/test_pdf_utils.py::TestPDFChunker::test_needs_chunking_above_threshold PASSED [ 77%]
tests/unit/test_pdf_utils.py::TestPDFChunker::test_needs_chunking_zero_pages PASSED [ 77%]
tests/unit/test_pdf_utils.py::TestPDFChunker::test_chunk_pdf_no_pypdf PASSED [ 77%]
tests/unit/test_pdf_utils.py::TestPDFChunker::test_chunk_pdf_success PASSED [ 78%]
tests/unit/test_pdf_utils.py::TestPDFChunker::test_cleanup_chunks PASSED [ 78%]
tests/unit/test_pdf_utils.py::TestPDFChunker::test_cleanup_chunks_nonexistent PASSED [ 78%]
tests/unit/test_pdf_utils.py::TestPDFChunker::test_count_pages_error PASSED [ 78%]
tests/unit/test_pdf_utils.py::TestPDFChunker::test_cleanup_chunks_exception PASSED [ 79%]
tests/unit/test_pdf_utils.py::TestPDFChunker::test_check_pypdf_import_error PASSED [ 79%]
tests/unit/test_pdf_utils.py::TestPDFChunker::test_flatten_outline PASSED [ 79%]
tests/unit/test_pdf_utils.py::TestPDFChunker::test_get_chapter_boundaries_no_pypdf PASSED [ 79%]
tests/unit/test_pdf_utils.py::TestPDFChunker::test_get_chapter_boundaries_no_outline PASSED [ 80%]
tests/unit/test_pdf_utils.py::TestPDFChunker::test_rejects_invalid_chunk_configuration PASSED [ 80%]
tests/unit/test_pdf_utils.py::TestPDFChunker::test_fixed_size_ranges_use_single_overlap_and_close_reader PASSED [ 80%]
tests/unit/test_pdf_utils.py::TestPDFChunker::test_fixed_size_reader_closes_when_generator_is_closed PASSED [ 80%]
tests/unit/test_pdf_utils.py::TestPDFChunker::test_chapter_chunk_preserves_leading_pages PASSED [ 81%]
tests/unit/test_pdf_utils.py::TestPDFChunker::test_corrupt_pdf_returns_controlled_fallbacks PASSED [ 81%]
tests/unit/test_pdf_utils.py::TestPDFChunker::test_get_chapter_boundaries_success PASSED [ 81%]
tests/unit/test_pptx_converter.py::TestPPTXConverter::test_init_checks_libreoffice PASSED [ 81%]
tests/unit/test_pptx_converter.py::TestPPTXConverter::test_init_libreoffice_not_found PASSED [ 81%]
tests/unit/test_pptx_converter.py::TestPPTXConverter::test_init_libreoffice_timeout PASSED [ 82%]
tests/unit/test_pptx_converter.py::TestPPTXConverter::test_convert_without_libreoffice PASSED [ 82%]
tests/unit/test_pptx_converter.py::TestPPTXConverter::test_convert_success PASSED [ 82%]
tests/unit/test_pptx_converter.py::TestPPTXConverter::test_convert_libreoffice_fails PASSED [ 82%]
tests/unit/test_pptx_converter.py::TestPPTXConverter::test_convert_pdf_not_created PASSED [ 83%]
tests/unit/test_pptx_converter.py::TestPPTXConverter::test_convert_rejects_stale_output PASSED [ 83%]
tests/unit/test_pptx_converter.py::TestPPTXConverter::test_convert_timeout PASSED [ 83%]
tests/unit/test_pptx_converter.py::TestPPTXConverter::test_convert_oserror PASSED [ 83%]
tests/unit/test_safe_filename.py::TestSafeFilename::test_short_filename_unchanged PASSED [ 84%]
tests/unit/test_safe_filename.py::TestSafeFilename::test_long_filename_truncated PASSED [ 84%]
tests/unit/test_safe_filename.py::TestSafeFilename::test_long_filename_preserves_uniqueness PASSED [ 84%]
tests/unit/test_safe_filename.py::TestSafeFilename::test_empty_base_name PASSED [ 84%]
tests/unit/test_safe_filename.py::TestSafeFilename::test_no_suffix PASSED [ 85%]
tests/unit/test_safe_filename.py::TestSafeFilename::test_very_long_with_suffix PASSED [ 85%]
tests/unit/test_use_cases.py::TestGenerateFlashcardsUseCase::test_execute_no_pdfs PASSED [ 85%]
tests/unit/test_use_cases.py::TestGenerateFlashcardsUseCase::test_execute_with_folder_no_pdfs PASSED [ 85%]
tests/unit/test_use_cases.py::TestGenerateFlashcardsUseCase::test_execute_successful_processing PASSED [ 85%]
tests/unit/test_use_cases.py::TestGenerateFlashcardsUseCase::test_execute_add_source_failure PASSED [ 86%]
tests/unit/test_use_cases.py::TestGenerateFlashcardsUseCase::test_execute_generate_flashcards_failure PASSED [ 86%]
tests/unit/test_use_cases.py::TestGenerateFlashcardsUseCase::test_execute_no_wait_mode PASSED [ 86%]
tests/unit/test_use_cases.py::TestGenerateFlashcardsUseCase::test_execute_wait_timeout PASSED [ 86%]
tests/unit/test_use_cases.py::TestGenerateFlashcardsUseCase::test_execute_custom_instructions PASSED [ 87%]
tests/unit/test_use_cases.py::TestGenerateFlashcardsUseCase::test_execute_with_subdirectories PASSED [ 87%]
tests/unit/test_use_cases.py::TestGenerateFlashcardsUseCase::test_execute_pdf_already_exists PASSED [ 87%]
tests/unit/test_use_cases.py::TestGenerateFlashcardsUseCase::test_execute_large_pdf_chunking PASSED [ 87%]
tests/unit/test_use_cases.py::TestGenerateFlashcardsUseCase::test_execute_chunk_add_source_failure PASSED [ 88%]
tests/unit/test_use_cases.py::TestGenerateFlashcardsUseCase::test_execute_large_pdf_generate_failure PASSED [ 88%]
tests/unit/test_use_cases.py::TestGenerateFlashcardsUseCase::test_execute_large_pdf_no_flashcards_generated PASSED [ 88%]
tests/unit/test_use_cases.py::TestGenerateFlashcardsUseCase::test_execute_no_wait_mode_large_pdf PASSED [ 88%]
tests/unit/test_use_cases.py::TestGenerateFlashcardsUseCase::test_cleanup_notebooks_empty_list PASSED [ 88%]
tests/unit/test_use_cases.py::TestGenerateFlashcardsUseCase::test_cleanup_notebooks_with_exception PASSED [ 89%]
tests/unit/test_use_cases.py::TestGenerateFlashcardsUseCase::test_get_output_subdir_no_parent PASSED [ 89%]
tests/unit/test_use_cases.py::TestGenerateFlashcardsUseCase::test_process_pdf_generation_error PASSED [ 89%]
tests/unit/test_use_cases.py::TestGenerateFlashcardsUseCase::test_process_pdf_unexpected_error PASSED [ 89%]
tests/unit/test_use_cases.py::TestGenerateFlashcardsUseCase::test_download_and_convert_oserror_on_cleanup PASSED [ 90%]
tests/unit/test_use_cases.py::TestGenerateFlashcardsUseCase::test_download_and_convert_notebook_cleanup_error PASSED [ 90%]
tests/unit/test_use_cases.py::TestGenerateFlashcardsUseCase::test_process_large_pdf_chunk_timeout PASSED [ 90%]
tests/unit/test_use_cases.py::TestGenerateFlashcardsUseCase::test_process_large_pdf_chunk_notebook_delete_exception PASSED [ 90%]
tests/unit/test_use_cases.py::TestGenerateFlashcardsUseCase::test_get_output_subdir_no_parent_direct PASSED [ 91%]
tests/unit/test_use_cases.py::TestGenerateFlashcardsUseCase::test_save_deck_uses_pdf_stem_filename PASSED [ 91%]
tests/unit/test_use_cases.py::TestGenerateFlashcardsUseCase::test_execute_root_level_pdf_uses_input_output PASSED [ 91%]
tests/unit/test_use_cases.py::TestGenerateFlashcardsUseCase::test_execute_skips_existing_csv_with_safe_filename PASSED [ 91%]
tests/unit/test_use_cases.py::TestGenerateFlashcardsUseCase::test_add_pdf_source_error PASSED [ 92%]
tests/unit/test_use_cases.py::TestGenerateFlashcardsUseCase::test_process_large_pdf_chunk_add_failure PASSED [ 92%]
tests/unit/test_use_cases.py::TestGenerateFlashcardsUseCase::test_is_safe_file_path_outside_directory PASSED [ 92%]
tests/unit/test_use_cases.py::TestGenerateFlashcardsUseCase::test_is_safe_file_path_non_file PASSED [ 92%]
tests/unit/test_use_cases.py::TestGenerateFlashcardsUseCase::test_is_safe_file_path_exception PASSED [ 92%]
tests/unit/test_use_cases.py::TestQualityFilter::test_apply_quality_filter_empty_deck PASSED [ 93%]
tests/unit/test_use_cases.py::TestQualityFilter::test_apply_quality_filter_with_trivial_cards PASSED [ 93%]
tests/unit/test_use_cases.py::TestQualityFilter::test_apply_quality_filter_no_trivial_cards PASSED [ 93%]
tests/unit/test_use_cases.py::TestQualityFilter::test_apply_quality_filter_single_card PASSED [ 93%]
tests/unit/test_use_cases_edge_cases.py::TestSafePdfPathEdgeCases::test_is_safe_file_path_rejects_symlink PASSED [ 94%]
tests/unit/test_use_cases_edge_cases.py::TestSafePdfPathEdgeCases::test_is_safe_file_path_rejects_non_pdf PASSED [ 94%]
tests/unit/test_use_cases_edge_cases.py::TestSafePdfPathEdgeCases::test_is_safe_file_path_outside_directory PASSED [ 94%]
tests/unit/test_use_cases_edge_cases.py::TestSafePdfPathEdgeCases::test_snapshot_source_rejects_symlinked_snapshot_directory PASSED [ 94%]
tests/unit/test_use_cases_edge_cases.py::TestSafePdfPathEdgeCases::test_snapshot_source_copy_failure_does_not_mask_original_error PASSED [ 95%]
tests/unit/test_use_cases_edge_cases.py::TestGetOutputSubdirEdgeCases::test_get_output_subdir_empty_parts PASSED [ 95%]
tests/unit/test_use_cases_edge_cases.py::TestProcessPdfRuntimeError::test_process_pdf_runtime_error PASSED [ 95%]
tests/unit/test_use_cases_edge_cases.py::TestProcessPdfRuntimeError::test_process_pdf_unexpected_error PASSED [ 95%]
tests/unit/test_use_cases_edge_cases.py::TestGenerationSafetyRegressions::test_explicit_files_apply_discovery_safety_boundary PASSED [ 96%]
tests/unit/test_use_cases_edge_cases.py::TestGenerationSafetyRegressions::test_input_swap_after_discovery_is_not_processed PASSED [ 96%]
tests/unit/test_use_cases_edge_cases.py::TestGenerationSafetyRegressions::test_background_generation_creates_no_completion_marker PASSED [ 96%]
tests/unit/test_use_cases_edge_cases.py::TestGenerationSafetyRegressions::test_normal_generation_deduplicates_before_export PASSED [ 96%]
tests/unit/test_use_cases_resume.py::TestGenerateFlashcardsUseCaseResume::test_resume_false_keeps_current_behavior PASSED [ 96%]
tests/unit/test_use_cases_resume.py::TestGenerateFlashcardsUseCaseResume::test_completed_chunk_is_skipped_on_restart PASSED [ 97%]
tests/unit/test_use_cases_resume.py::TestGenerateFlashcardsUseCaseResume::test_saved_chunk_decks_are_loaded_and_reused PASSED [ 97%]
tests/unit/test_use_cases_resume.py::TestGenerateFlashcardsUseCaseResume::test_failed_chunk_is_marked_failed_and_stops_processing PASSED [ 97%]
tests/unit/test_use_cases_resume.py::TestGenerateFlashcardsUseCaseResume::test_stale_signature_causes_fresh_processing PASSED [ 97%]
tests/unit/test_use_cases_resume.py::TestGenerateFlashcardsUseCaseResume::test_successful_completion_flow_cleans_resume_state PASSED [ 98%]
tests/unit/test_use_cases_resume.py::TestGenerateFlashcardsUseCaseResume::test_missing_completed_result_is_regenerated PASSED [ 98%]
tests/unit/test_use_cases_resume.py::TestGenerateFlashcardsUseCaseResume::test_corrupt_manifest_restarts_processing PASSED [ 98%]
tests/unit/test_use_cases_resume.py::TestGenerateFlashcardsUseCaseResume::test_foreign_completed_result_is_regenerated PASSED [ 98%]
tests/unit/test_use_cases_resume.py::TestGenerateFlashcardsUseCaseResume::test_source_digest_invalidates_same_size_restored_mtime PASSED [ 99%]
tests/unit/test_use_cases_resume.py::TestGenerateFlashcardsUseCaseResume::test_transient_oserror_retries_and_final_failure_is_recorded PASSED [ 99%]
tests/unit/test_value_objects.py::TestConfig::test_create_config PASSED  [ 99%]
tests/unit/test_value_objects.py::TestConfig::test_config_paths_exist PASSED [ 99%]
tests/unit/test_value_objects.py::TestSourceInfo::test_create_source_info PASSED [100%]

======================== 427 passed in 62.39s (0:01:02) ========================
[exit=0]
